<?xml version="1.0" encoding="UTF-8" standalone="yes"?><!DOCTYPE report PUBLIC "-//JACOCO//DTD Report 1.1//EN" "report.dtd"><report name="javadb"><sessioninfo id="fv-az973-674-44500452" start="1732605118804" dump="1732605139465"/><package name="com/example/javadb/repository"><class name="com/example/javadb/repository/UserRepository" sourcefilename="UserRepository.java"/><class name="com/example/javadb/repository/ResourceRepository" sourcefilename="ResourceRepository.java"/><class name="com/example/javadb/repository/CommunityGroupRepository" sourcefilename="CommunityGroupRepository.java"/><class name="com/example/javadb/repository/UserCommunityRepository" sourcefilename="UserCommunityRepository.java"/><sourcefile name="UserRepository.java"/><sourcefile name="ResourceRepository.java"/><sourcefile name="CommunityGroupRepository.java"/><sourcefile name="UserCommunityRepository.java"/></package><package name="com/example/javadb/controller"><class name="com/example/javadb/controller/RouteController" sourcefilename="RouteController.java"><method name="&lt;init&gt;" desc="(Lcom/example/javadb/repository/CommunityGroupRepository;Lcom/example/javadb/repository/UserRepository;Lcom/example/javadb/repository/ResourceRepository;Lcom/example/javadb/repository/UserCommunityRepository;)V" line="72"><counter type="INSTRUCTION" missed="0" covered="15"/><counter type="LINE" missed="0" covered="6"/><counter type="COMPLEXITY" missed="0" covered="1"/><counter type="METHOD" missed="0" covered="1"/></method><method name="welcome" desc="()Ljava/lang/String;" line="86"><counter type="INSTRUCTION" missed="2" covered="0"/><counter type="LINE" missed="1" covered="0"/><counter type="COMPLEXITY" missed="1" covered="0"/><counter type="METHOD" missed="1" covered="0"/></method><method name="getCommunityGroups" desc="()Lorg/springframework/http/ResponseEntity;" line="102"><counter type="INSTRUCTION" missed="11" covered="13"/><counter type="BRANCH" missed="1" covered="1"/><counter type="LINE" missed="3" covered="3"/><counter type="COMPLEXITY" missed="1" covered="1"/><counter type="METHOD" missed="0" covered="1"/></method><method name="getCommunityGroupById" desc="(ILjava/lang/String;)Lorg/springframework/http/ResponseEntity;" line="130"><counter type="INSTRUCTION" missed="5" covered="16"/><counter type="LINE" missed="2" covered="3"/><counter type="COMPLEXITY" missed="0" covered="1"/><counter type="METHOD" missed="0" covered="1"/></method><method name="getCommunityGroupsByType" desc="(Lcom/example/javadb/model/CommunityGroup$CommunityType;)Lorg/springframework/http/ResponseEntity;" line="186"><counter type="INSTRUCTION" missed="5" covered="21"/><counter type="BRANCH" missed="0" covered="2"/><counter type="LINE" missed="2" covered="5"/><counter type="COMPLEXITY" missed="0" covered="2"/><counter type="METHOD" missed="0" covered="1"/></method><method name="getClosestCommunityGroup" desc="(Lcom/example/javadb/model/CommunityGroup$CommunityType;DD)Lorg/springframework/http/ResponseEntity;" line="221"><counter type="INSTRUCTION" missed="5" covered="53"/><counter type="BRANCH" missed="0" covered="6"/><counter type="LINE" missed="2" covered="15"/><counter type="COMPLEXITY" missed="0" covered="4"/><counter type="METHOD" missed="0" covered="1"/></method><method name="calculateEuclideanDistance" desc="(DDDD)D" line="268"><counter type="INSTRUCTION" missed="0" covered="13"/><counter type="LINE" missed="0" covered="1"/><counter type="COMPLEXITY" missed="0" covered="1"/><counter type="METHOD" missed="0" covered="1"/></method><method name="createCommunityGroup" desc="(Ljava/lang/String;Ljava/lang/String;DDILjava/lang/String;)Lorg/springframework/http/ResponseEntity;" line="296"><counter type="INSTRUCTION" missed="12" covered="35"/><counter type="LINE" missed="4" covered="8"/><counter type="COMPLEXITY" missed="0" covered="1"/><counter type="METHOD" missed="0" covered="1"/></method><method name="updateCommunityGroup" desc="(ILjava/lang/String;Ljava/lang/String;)Lorg/springframework/http/ResponseEntity;" line="334"><counter type="INSTRUCTION" missed="5" covered="18"/><counter type="LINE" missed="2" covered="3"/><counter type="COMPLEXITY" missed="0" covered="1"/><counter type="METHOD" missed="0" covered="1"/></method><method name="deleteCommunityGroup" desc="(I)Lorg/springframework/http/ResponseEntity;" line="383"><counter type="INSTRUCTION" missed="5" covered="23"/><counter type="BRANCH" missed="0" covered="2"/><counter type="LINE" missed="2" covered="4"/><counter type="COMPLEXITY" missed="0" covered="2"/><counter type="METHOD" missed="0" covered="1"/></method><method name="getUsers" desc="()Lorg/springframework/http/ResponseEntity;" line="407"><counter type="INSTRUCTION" missed="11" covered="13"/><counter type="BRANCH" missed="1" covered="1"/><counter type="LINE" missed="3" covered="3"/><counter type="COMPLEXITY" missed="1" covered="1"/><counter type="METHOD" missed="0" covered="1"/></method><method name="getUserById" desc="(ILjava/lang/String;)Lorg/springframework/http/ResponseEntity;" line="432"><counter type="INSTRUCTION" missed="5" covered="16"/><counter type="LINE" missed="2" covered="3"/><counter type="COMPLEXITY" missed="0" covered="1"/><counter type="METHOD" missed="0" covered="1"/></method><method name="createUser" desc="(Ljava/lang/String;Ljava/lang/String;ILjava/lang/String;DD)Lorg/springframework/http/ResponseEntity;" line="494"><counter type="INSTRUCTION" missed="5" covered="32"/><counter type="LINE" missed="2" covered="5"/><counter type="COMPLEXITY" missed="0" covered="1"/><counter type="METHOD" missed="0" covered="1"/></method><method name="updateUser" desc="(ILjava/lang/String;Ljava/lang/String;)Lorg/springframework/http/ResponseEntity;" line="524"><counter type="INSTRUCTION" missed="5" covered="18"/><counter type="LINE" missed="2" covered="3"/><counter type="COMPLEXITY" missed="0" covered="1"/><counter type="METHOD" missed="0" covered="1"/></method><method name="deleteUser" desc="(I)Lorg/springframework/http/ResponseEntity;" line="572"><counter type="INSTRUCTION" missed="5" covered="23"/><counter type="BRANCH" missed="0" covered="2"/><counter type="LINE" missed="2" covered="4"/><counter type="COMPLEXITY" missed="0" covered="2"/><counter type="METHOD" missed="0" covered="1"/></method><method name="getAllResources" desc="()Lorg/springframework/http/ResponseEntity;" line="596"><counter type="INSTRUCTION" missed="5" covered="10"/><counter type="LINE" missed="2" covered="2"/><counter type="COMPLEXITY" missed="0" covered="1"/><counter type="METHOD" missed="0" covered="1"/></method><method name="getResourcesByType" desc="(Lcom/example/javadb/model/Resource$ResourceType;)Lorg/springframework/http/ResponseEntity;" line="616"><counter type="INSTRUCTION" missed="5" covered="21"/><counter type="BRANCH" missed="0" covered="2"/><counter type="LINE" missed="2" covered="5"/><counter type="COMPLEXITY" missed="0" covered="2"/><counter type="METHOD" missed="0" covered="1"/></method><method name="getClosestResource" desc="(Lcom/example/javadb/model/Resource$ResourceType;DD)Lorg/springframework/http/ResponseEntity;" line="650"><counter type="INSTRUCTION" missed="5" covered="53"/><counter type="BRANCH" missed="0" covered="6"/><counter type="LINE" missed="2" covered="15"/><counter type="COMPLEXITY" missed="0" covered="4"/><counter type="METHOD" missed="0" covered="1"/></method><method name="getResourceById" desc="(ILjava/lang/String;)Lorg/springframework/http/ResponseEntity;" line="700"><counter type="INSTRUCTION" missed="5" covered="16"/><counter type="LINE" missed="2" covered="3"/><counter type="COMPLEXITY" missed="0" covered="1"/><counter type="METHOD" missed="0" covered="1"/></method><method name="createResource" desc="(Ljava/lang/String;Ljava/lang/String;DDLjava/lang/String;Ljava/lang/String;)Lorg/springframework/http/ResponseEntity;" line="769"><counter type="INSTRUCTION" missed="12" covered="35"/><counter type="LINE" missed="4" covered="8"/><counter type="COMPLEXITY" missed="0" covered="1"/><counter type="METHOD" missed="0" covered="1"/></method><method name="updateResource" desc="(ILjava/lang/String;Ljava/lang/String;)Lorg/springframework/http/ResponseEntity;" line="810"><counter type="INSTRUCTION" missed="5" covered="18"/><counter type="LINE" missed="2" covered="3"/><counter type="COMPLEXITY" missed="0" covered="1"/><counter type="METHOD" missed="0" covered="1"/></method><method name="deleteResource" desc="(I)Lorg/springframework/http/ResponseEntity;" line="861"><counter type="INSTRUCTION" missed="5" covered="23"/><counter type="BRANCH" missed="0" covered="2"/><counter type="LINE" missed="2" covered="4"/><counter type="COMPLEXITY" missed="0" covered="2"/><counter type="METHOD" missed="0" covered="1"/></method><method name="addUserToCommunity" desc="(II)Lorg/springframework/http/ResponseEntity;" line="888"><counter type="INSTRUCTION" missed="11" covered="59"/><counter type="BRANCH" missed="1" covered="7"/><counter type="LINE" missed="3" covered="11"/><counter type="COMPLEXITY" missed="1" covered="4"/><counter type="METHOD" missed="0" covered="1"/></method><method name="removeUserFromCommunity" desc="(II)Lorg/springframework/http/ResponseEntity;" line="933"><counter type="INSTRUCTION" missed="5" covered="64"/><counter type="BRANCH" missed="0" covered="8"/><counter type="LINE" missed="2" covered="13"/><counter type="COMPLEXITY" missed="0" covered="5"/><counter type="METHOD" missed="0" covered="1"/></method><method name="handleException" desc="(Ljava/lang/Exception;)Lorg/springframework/http/ResponseEntity;" line="966"><counter type="INSTRUCTION" missed="10" covered="0"/><counter type="LINE" missed="2" covered="0"/><counter type="COMPLEXITY" missed="1" covered="0"/><counter type="METHOD" missed="1" covered="0"/></method><method name="lambda$updateResource$5" desc="(Ljava/lang/String;Ljava/lang/String;Lcom/example/javadb/model/Resource;)Lorg/springframework/http/ResponseEntity;" line="812"><counter type="INSTRUCTION" missed="4" covered="52"/><counter type="BRANCH" missed="1" covered="6"/><counter type="LINE" missed="2" covered="15"/><counter type="COMPLEXITY" missed="1" covered="6"/><counter type="METHOD" missed="0" covered="1"/></method><method name="lambda$getResourceById$4" desc="(Ljava/lang/String;Lcom/example/javadb/model/Resource;)Lorg/springframework/http/ResponseEntity;" line="702"><counter type="INSTRUCTION" missed="7" covered="75"/><counter type="BRANCH" missed="1" covered="10"/><counter type="LINE" missed="1" covered="11"/><counter type="COMPLEXITY" missed="1" covered="9"/><counter type="METHOD" missed="0" covered="1"/></method><method name="lambda$updateUser$3" desc="(Ljava/lang/String;Ljava/lang/String;Lcom/example/javadb/model/User;)Lorg/springframework/http/ResponseEntity;" line="526"><counter type="INSTRUCTION" missed="0" covered="57"/><counter type="BRANCH" missed="0" covered="7"/><counter type="LINE" missed="0" covered="17"/><counter type="COMPLEXITY" missed="0" covered="7"/><counter type="METHOD" missed="0" covered="1"/></method><method name="lambda$getUserById$2" desc="(Ljava/lang/String;Lcom/example/javadb/model/User;)Lorg/springframework/http/ResponseEntity;" line="434"><counter type="INSTRUCTION" missed="0" covered="77"/><counter type="BRANCH" missed="0" covered="10"/><counter type="LINE" missed="0" covered="14"/><counter type="COMPLEXITY" missed="0" covered="9"/><counter type="METHOD" missed="0" covered="1"/></method><method name="lambda$updateCommunityGroup$1" desc="(Ljava/lang/String;Ljava/lang/String;Lcom/example/javadb/model/CommunityGroup;)Lorg/springframework/http/ResponseEntity;" line="336"><counter type="INSTRUCTION" missed="6" covered="51"/><counter type="BRANCH" missed="1" covered="6"/><counter type="LINE" missed="1" covered="16"/><counter type="COMPLEXITY" missed="1" covered="6"/><counter type="METHOD" missed="0" covered="1"/></method><method name="lambda$getCommunityGroupById$0" desc="(Ljava/lang/String;Lcom/example/javadb/model/CommunityGroup;)Lorg/springframework/http/ResponseEntity;" line="132"><counter type="INSTRUCTION" missed="0" covered="78"/><counter type="BRANCH" missed="0" covered="10"/><counter type="LINE" missed="0" covered="18"/><counter type="COMPLEXITY" missed="0" covered="9"/><counter type="METHOD" missed="0" covered="1"/></method><counter type="INSTRUCTION" missed="166" covered="998"/><counter type="BRANCH" missed="6" covered="88"/><counter type="LINE" missed="56" covered="221"/><counter type="COMPLEXITY" missed="8" covered="87"/><counter type="METHOD" missed="2" covered="29"/><counter type="CLASS" missed="0" covered="1"/></class><sourcefile name="RouteController.java"><line nr="72" mi="0" ci="2" mb="0" cb="0"/><line nr="73" mi="0" ci="3" mb="0" cb="0"/><line nr="74" mi="0" ci="3" mb="0" cb="0"/><line nr="75" mi="0" ci="3" mb="0" cb="0"/><line nr="76" mi="0" ci="3" mb="0" cb="0"/><line nr="77" mi="0" ci="1" mb="0" cb="0"/><line nr="86" mi="2" ci="0" mb="0" cb="0"/><line nr="102" mi="0" ci="4" mb="0" cb="0"/><line nr="103" mi="0" ci="3" mb="1" cb="1"/><line nr="104" mi="6" ci="0" mb="0" cb="0"/><line nr="107" mi="0" ci="6" mb="0" cb="0"/><line nr="108" mi="1" ci="0" mb="0" cb="0"/><line nr="109" mi="4" ci="0" mb="0" cb="0"/><line nr="130" mi="0" ci="8" mb="0" cb="0"/><line nr="131" mi="0" ci="6" mb="0" cb="0"/><line nr="132" mi="0" ci="2" mb="0" cb="2"/><line nr="133" mi="0" ci="10" mb="0" cb="8"/><line nr="135" mi="0" ci="4" mb="0" cb="0"/><line nr="136" mi="0" ci="3" mb="0" cb="0"/><line nr="138" mi="0" ci="4" mb="0" cb="0"/><line nr="139" mi="0" ci="4" mb="0" cb="0"/><line nr="142" mi="0" ci="4" mb="0" cb="0"/><line nr="143" mi="0" ci="4" mb="0" cb="0"/><line nr="145" mi="0" ci="4" mb="0" cb="0"/><line nr="146" mi="0" ci="4" mb="0" cb="0"/><line nr="148" mi="0" ci="4" mb="0" cb="0"/><line nr="149" mi="0" ci="4" mb="0" cb="0"/><line nr="151" mi="0" ci="4" mb="0" cb="0"/><line nr="152" mi="0" ci="3" mb="0" cb="0"/><line nr="154" mi="0" ci="4" mb="0" cb="0"/><line nr="155" mi="0" ci="4" mb="0" cb="0"/><line nr="157" mi="0" ci="6" mb="0" cb="0"/><line nr="163" mi="0" ci="6" mb="0" cb="0"/><line nr="165" mi="0" ci="2" mb="0" cb="0"/><line nr="167" mi="1" ci="0" mb="0" cb="0"/><line nr="168" mi="4" ci="0" mb="0" cb="0"/><line nr="186" mi="0" ci="3" mb="0" cb="0"/><line nr="187" mi="0" ci="2" mb="0" cb="0"/><line nr="189" mi="0" ci="3" mb="0" cb="2"/><line nr="190" mi="0" ci="7" mb="0" cb="0"/><line nr="194" mi="0" ci="6" mb="0" cb="0"/><line nr="195" mi="1" ci="0" mb="0" cb="0"/><line nr="196" mi="4" ci="0" mb="0" cb="0"/><line nr="221" mi="0" ci="3" mb="0" cb="0"/><line nr="222" mi="0" ci="2" mb="0" cb="0"/><line nr="224" mi="0" ci="3" mb="0" cb="2"/><line nr="225" mi="0" ci="7" mb="0" cb="0"/><line nr="232" mi="0" ci="2" mb="0" cb="0"/><line nr="233" mi="0" ci="2" mb="0" cb="0"/><line nr="235" mi="0" ci="10" mb="0" cb="2"/><line nr="236" mi="0" ci="6" mb="0" cb="0"/><line nr="237" mi="0" ci="2" mb="0" cb="0"/><line nr="238" mi="0" ci="1" mb="0" cb="0"/><line nr="240" mi="0" ci="4" mb="0" cb="2"/><line nr="241" mi="0" ci="2" mb="0" cb="0"/><line nr="242" mi="0" ci="2" mb="0" cb="0"/><line nr="244" mi="0" ci="1" mb="0" cb="0"/><line nr="246" mi="0" ci="6" mb="0" cb="0"/><line nr="247" mi="1" ci="0" mb="0" cb="0"/><line nr="248" mi="4" ci="0" mb="0" cb="0"/><line nr="268" mi="0" ci="13" mb="0" cb="0"/><line nr="296" mi="0" ci="2" mb="0" cb="0"/><line nr="297" mi="0" ci="2" mb="0" cb="0"/><line nr="298" mi="0" ci="1" mb="0" cb="0"/><line nr="299" mi="1" ci="0" mb="0" cb="0"/><line nr="300" mi="6" ci="0" mb="0" cb="0"/><line nr="302" mi="0" ci="1" mb="0" cb="0"/><line nr="304" mi="0" ci="5" mb="0" cb="0"/><line nr="306" mi="0" ci="12" mb="0" cb="0"/><line nr="312" mi="0" ci="6" mb="0" cb="0"/><line nr="313" mi="0" ci="6" mb="0" cb="0"/><line nr="314" mi="1" ci="0" mb="0" cb="0"/><line nr="315" mi="4" ci="0" mb="0" cb="0"/><line nr="334" mi="0" ci="10" mb="0" cb="0"/><line nr="335" mi="0" ci="6" mb="0" cb="0"/><line nr="336" mi="0" ci="10" mb="1" cb="6"/><line nr="338" mi="0" ci="3" mb="0" cb="0"/><line nr="339" mi="0" ci="1" mb="0" cb="0"/><line nr="341" mi="0" ci="5" mb="0" cb="0"/><line nr="342" mi="0" ci="1" mb="0" cb="0"/><line nr="344" mi="0" ci="1" mb="0" cb="0"/><line nr="346" mi="0" ci="4" mb="0" cb="0"/><line nr="347" mi="0" ci="1" mb="0" cb="0"/><line nr="349" mi="0" ci="4" mb="0" cb="0"/><line nr="350" mi="0" ci="1" mb="0" cb="0"/><line nr="352" mi="0" ci="4" mb="0" cb="0"/><line nr="353" mi="0" ci="1" mb="0" cb="0"/><line nr="355" mi="0" ci="3" mb="0" cb="0"/><line nr="356" mi="0" ci="1" mb="0" cb="0"/><line nr="359" mi="6" ci="0" mb="0" cb="0"/><line nr="362" mi="0" ci="5" mb="0" cb="0"/><line nr="363" mi="0" ci="6" mb="0" cb="0"/><line nr="365" mi="0" ci="2" mb="0" cb="0"/><line nr="367" mi="1" ci="0" mb="0" cb="0"/><line nr="368" mi="4" ci="0" mb="0" cb="0"/><line nr="383" mi="0" ci="6" mb="0" cb="2"/><line nr="384" mi="0" ci="5" mb="0" cb="0"/><line nr="385" mi="0" ci="6" mb="0" cb="0"/><line nr="388" mi="0" ci="6" mb="0" cb="0"/><line nr="391" mi="1" ci="0" mb="0" cb="0"/><line nr="392" mi="4" ci="0" mb="0" cb="0"/><line nr="407" mi="0" ci="4" mb="0" cb="0"/><line nr="408" mi="0" ci="3" mb="1" cb="1"/><line nr="409" mi="6" ci="0" mb="0" cb="0"/><line nr="411" mi="0" ci="6" mb="0" cb="0"/><line nr="412" mi="1" ci="0" mb="0" cb="0"/><line nr="413" mi="4" ci="0" mb="0" cb="0"/><line nr="432" mi="0" ci="8" mb="0" cb="0"/><line nr="433" mi="0" ci="6" mb="0" cb="0"/><line nr="434" mi="0" ci="2" mb="0" cb="2"/><line nr="435" mi="0" ci="10" mb="0" cb="8"/><line nr="437" mi="0" ci="7" mb="0" cb="0"/><line nr="440" mi="0" ci="7" mb="0" cb="0"/><line nr="443" mi="0" ci="8" mb="0" cb="0"/><line nr="446" mi="0" ci="7" mb="0" cb="0"/><line nr="449" mi="0" ci="4" mb="0" cb="0"/><line nr="450" mi="0" ci="4" mb="0" cb="0"/><line nr="452" mi="0" ci="4" mb="0" cb="0"/><line nr="453" mi="0" ci="4" mb="0" cb="0"/><line nr="455" mi="0" ci="4" mb="0" cb="0"/><line nr="456" mi="0" ci="4" mb="0" cb="0"/><line nr="458" mi="0" ci="6" mb="0" cb="0"/><line nr="463" mi="0" ci="6" mb="0" cb="0"/><line nr="465" mi="0" ci="2" mb="0" cb="0"/><line nr="467" mi="1" ci="0" mb="0" cb="0"/><line nr="468" mi="4" ci="0" mb="0" cb="0"/><line nr="494" mi="0" ci="5" mb="0" cb="0"/><line nr="496" mi="0" ci="7" mb="0" cb="0"/><line nr="498" mi="0" ci="8" mb="0" cb="0"/><line nr="502" mi="0" ci="6" mb="0" cb="0"/><line nr="503" mi="0" ci="6" mb="0" cb="0"/><line nr="504" mi="1" ci="0" mb="0" cb="0"/><line nr="505" mi="4" ci="0" mb="0" cb="0"/><line nr="524" mi="0" ci="10" mb="0" cb="0"/><line nr="525" mi="0" ci="6" mb="0" cb="0"/><line nr="526" mi="0" ci="10" mb="0" cb="7"/><line nr="528" mi="0" ci="3" mb="0" cb="0"/><line nr="529" mi="0" ci="1" mb="0" cb="0"/><line nr="531" mi="0" ci="3" mb="0" cb="0"/><line nr="532" mi="0" ci="1" mb="0" cb="0"/><line nr="534" mi="0" ci="4" mb="0" cb="0"/><line nr="535" mi="0" ci="1" mb="0" cb="0"/><line nr="537" mi="0" ci="5" mb="0" cb="0"/><line nr="538" mi="0" ci="1" mb="0" cb="0"/><line nr="539" mi="0" ci="1" mb="0" cb="0"/><line nr="541" mi="0" ci="4" mb="0" cb="0"/><line nr="542" mi="0" ci="1" mb="0" cb="0"/><line nr="544" mi="0" ci="4" mb="0" cb="0"/><line nr="545" mi="0" ci="1" mb="0" cb="0"/><line nr="547" mi="0" ci="6" mb="0" cb="0"/><line nr="551" mi="0" ci="5" mb="0" cb="0"/><line nr="552" mi="0" ci="6" mb="0" cb="0"/><line nr="554" mi="0" ci="2" mb="0" cb="0"/><line nr="556" mi="1" ci="0" mb="0" cb="0"/><line nr="557" mi="4" ci="0" mb="0" cb="0"/><line nr="572" mi="0" ci="6" mb="0" cb="2"/><line nr="573" mi="0" ci="5" mb="0" cb="0"/><line nr="574" mi="0" ci="6" mb="0" cb="0"/><line nr="576" mi="0" ci="6" mb="0" cb="0"/><line nr="578" mi="1" ci="0" mb="0" cb="0"/><line nr="579" mi="4" ci="0" mb="0" cb="0"/><line nr="596" mi="0" ci="4" mb="0" cb="0"/><line nr="597" mi="0" ci="6" mb="0" cb="0"/><line nr="598" mi="1" ci="0" mb="0" cb="0"/><line nr="599" mi="4" ci="0" mb="0" cb="0"/><line nr="616" mi="0" ci="3" mb="0" cb="0"/><line nr="617" mi="0" ci="2" mb="0" cb="0"/><line nr="619" mi="0" ci="3" mb="0" cb="2"/><line nr="620" mi="0" ci="7" mb="0" cb="0"/><line nr="624" mi="0" ci="6" mb="0" cb="0"/><line nr="625" mi="1" ci="0" mb="0" cb="0"/><line nr="626" mi="4" ci="0" mb="0" cb="0"/><line nr="650" mi="0" ci="3" mb="0" cb="0"/><line nr="651" mi="0" ci="2" mb="0" cb="0"/><line nr="653" mi="0" ci="3" mb="0" cb="2"/><line nr="654" mi="0" ci="7" mb="0" cb="0"/><line nr="661" mi="0" ci="2" mb="0" cb="0"/><line nr="662" mi="0" ci="2" mb="0" cb="0"/><line nr="664" mi="0" ci="10" mb="0" cb="2"/><line nr="665" mi="0" ci="6" mb="0" cb="0"/><line nr="668" mi="0" ci="2" mb="0" cb="0"/><line nr="669" mi="0" ci="1" mb="0" cb="0"/><line nr="671" mi="0" ci="4" mb="0" cb="2"/><line nr="672" mi="0" ci="2" mb="0" cb="0"/><line nr="673" mi="0" ci="2" mb="0" cb="0"/><line nr="675" mi="0" ci="1" mb="0" cb="0"/><line nr="677" mi="0" ci="6" mb="0" cb="0"/><line nr="678" mi="1" ci="0" mb="0" cb="0"/><line nr="679" mi="4" ci="0" mb="0" cb="0"/><line nr="700" mi="0" ci="8" mb="0" cb="0"/><line nr="701" mi="0" ci="6" mb="0" cb="0"/><line nr="702" mi="0" ci="2" mb="0" cb="2"/><line nr="703" mi="0" ci="10" mb="1" cb="8"/><line nr="705" mi="0" ci="7" mb="0" cb="0"/><line nr="708" mi="7" ci="0" mb="0" cb="0"/><line nr="711" mi="0" ci="8" mb="0" cb="0"/><line nr="714" mi="0" ci="8" mb="0" cb="0"/><line nr="717" mi="0" ci="7" mb="0" cb="0"/><line nr="720" mi="0" ci="7" mb="0" cb="0"/><line nr="723" mi="0" ci="7" mb="0" cb="0"/><line nr="726" mi="0" ci="7" mb="0" cb="0"/><line nr="729" mi="0" ci="6" mb="0" cb="0"/><line nr="734" mi="0" ci="6" mb="0" cb="0"/><line nr="736" mi="0" ci="2" mb="0" cb="0"/><line nr="738" mi="1" ci="0" mb="0" cb="0"/><line nr="739" mi="4" ci="0" mb="0" cb="0"/><line nr="769" mi="0" ci="4" mb="0" cb="0"/><line nr="770" mi="0" ci="1" mb="0" cb="0"/><line nr="771" mi="1" ci="0" mb="0" cb="0"/><line nr="772" mi="6" ci="0" mb="0" cb="0"/><line nr="774" mi="0" ci="1" mb="0" cb="0"/><line nr="777" mi="0" ci="2" mb="0" cb="0"/><line nr="778" mi="0" ci="3" mb="0" cb="0"/><line nr="781" mi="0" ci="12" mb="0" cb="0"/><line nr="787" mi="0" ci="6" mb="0" cb="0"/><line nr="788" mi="0" ci="6" mb="0" cb="0"/><line nr="789" mi="1" ci="0" mb="0" cb="0"/><line nr="790" mi="4" ci="0" mb="0" cb="0"/><line nr="810" mi="0" ci="10" mb="0" cb="0"/><line nr="811" mi="0" ci="6" mb="0" cb="0"/><line nr="812" mi="0" ci="10" mb="1" cb="6"/><line nr="814" mi="0" ci="3" mb="0" cb="0"/><line nr="815" mi="0" ci="1" mb="0" cb="0"/><line nr="817" mi="0" ci="5" mb="0" cb="0"/><line nr="818" mi="0" ci="1" mb="0" cb="0"/><line nr="820" mi="0" ci="1" mb="0" cb="0"/><line nr="822" mi="0" ci="4" mb="0" cb="0"/><line nr="823" mi="0" ci="1" mb="0" cb="0"/><line nr="825" mi="0" ci="4" mb="0" cb="0"/><line nr="826" mi="0" ci="1" mb="0" cb="0"/><line nr="828" mi="3" ci="0" mb="0" cb="0"/><line nr="829" mi="1" ci="0" mb="0" cb="0"/><line nr="831" mi="0" ci="3" mb="0" cb="0"/><line nr="832" mi="0" ci="1" mb="0" cb="0"/><line nr="834" mi="0" ci="6" mb="0" cb="0"/><line nr="838" mi="0" ci="5" mb="0" cb="0"/><line nr="839" mi="0" ci="6" mb="0" cb="0"/><line nr="841" mi="0" ci="2" mb="0" cb="0"/><line nr="844" mi="1" ci="0" mb="0" cb="0"/><line nr="845" mi="4" ci="0" mb="0" cb="0"/><line nr="861" mi="0" ci="6" mb="0" cb="2"/><line nr="862" mi="0" ci="5" mb="0" cb="0"/><line nr="863" mi="0" ci="6" mb="0" cb="0"/><line nr="866" mi="0" ci="6" mb="0" cb="0"/><line nr="869" mi="1" ci="0" mb="0" cb="0"/><line nr="870" mi="4" ci="0" mb="0" cb="0"/><line nr="888" mi="0" ci="9" mb="0" cb="0"/><line nr="889" mi="0" ci="3" mb="0" cb="0"/><line nr="890" mi="0" ci="6" mb="0" cb="0"/><line nr="892" mi="0" ci="4" mb="0" cb="4"/><line nr="894" mi="0" ci="6" mb="1" cb="1"/><line nr="896" mi="0" ci="6" mb="0" cb="0"/><line nr="897" mi="0" ci="5" mb="0" cb="0"/><line nr="898" mi="0" ci="6" mb="0" cb="0"/><line nr="902" mi="6" ci="0" mb="0" cb="0"/><line nr="906" mi="0" ci="2" mb="0" cb="2"/><line nr="907" mi="0" ci="6" mb="0" cb="0"/><line nr="911" mi="0" ci="6" mb="0" cb="0"/><line nr="914" mi="1" ci="0" mb="0" cb="0"/><line nr="915" mi="4" ci="0" mb="0" cb="0"/><line nr="933" mi="0" ci="9" mb="0" cb="0"/><line nr="934" mi="0" ci="3" mb="0" cb="0"/><line nr="935" mi="0" ci="6" mb="0" cb="0"/><line nr="937" mi="0" ci="4" mb="0" cb="4"/><line nr="938" mi="0" ci="6" mb="0" cb="2"/><line nr="940" mi="0" ci="4" mb="0" cb="0"/><line nr="941" mi="0" ci="2" mb="0" cb="0"/><line nr="943" mi="0" ci="4" mb="0" cb="0"/><line nr="944" mi="0" ci="6" mb="0" cb="0"/><line nr="948" mi="0" ci="6" mb="0" cb="0"/><line nr="952" mi="0" ci="2" mb="0" cb="2"/><line nr="953" mi="0" ci="6" mb="0" cb="0"/><line nr="957" mi="0" ci="6" mb="0" cb="0"/><line nr="960" mi="1" ci="0" mb="0" cb="0"/><line nr="961" mi="4" ci="0" mb="0" cb="0"/><line nr="966" mi="4" ci="0" mb="0" cb="0"/><line nr="967" mi="6" ci="0" mb="0" cb="0"/><counter type="INSTRUCTION" missed="166" covered="998"/><counter type="BRANCH" missed="6" covered="88"/><counter type="LINE" missed="56" covered="221"/><counter type="COMPLEXITY" missed="8" covered="87"/><counter type="METHOD" missed="2" covered="29"/><counter type="CLASS" missed="0" covered="1"/></sourcefile><counter type="INSTRUCTION" missed="166" covered="998"/><counter type="BRANCH" missed="6" covered="88"/><counter type="LINE" missed="56" covered="221"/><counter type="COMPLEXITY" missed="8" covered="87"/><counter type="METHOD" missed="2" covered="29"/><counter type="CLASS" missed="0" covered="1"/></package><package name="com/example/javadb/model"><class name="com/example/javadb/model/Resource" sourcefilename="Resource.java"><method name="&lt;init&gt;" desc="()V" line="92"><counter type="INSTRUCTION" missed="0" covered="3"/><counter type="LINE" missed="0" covered="2"/><counter type="COMPLEXITY" missed="0" covered="1"/><counter type="METHOD" missed="0" covered="1"/></method><method name="&lt;init&gt;" desc="(Ljava/lang/String;Lcom/example/javadb/model/Resource$ResourceType;DDLjava/lang/String;Ljava/lang/String;Ljava/sql/Timestamp;Ljava/sql/Timestamp;)V" line="110"><counter type="INSTRUCTION" missed="0" covered="27"/><counter type="LINE" missed="0" covered="10"/><counter type="COMPLEXITY" missed="0" covered="1"/><counter type="METHOD" missed="0" covered="1"/></method><method name="getResourceId" desc="()I" line="127"><counter type="INSTRUCTION" missed="0" covered="3"/><counter type="LINE" missed="0" covered="1"/><counter type="COMPLEXITY" missed="0" covered="1"/><counter type="METHOD" missed="0" covered="1"/></method><method name="getResourceName" desc="()Ljava/lang/String;" line="136"><counter type="INSTRUCTION" missed="0" covered="3"/><counter type="LINE" missed="0" covered="1"/><counter type="COMPLEXITY" missed="0" covered="1"/><counter type="METHOD" missed="0" covered="1"/></method><method name="setResourceName" desc="(Ljava/lang/String;)V" line="146"><counter type="INSTRUCTION" missed="0" covered="15"/><counter type="BRANCH" missed="0" covered="4"/><counter type="LINE" missed="0" covered="4"/><counter type="COMPLEXITY" missed="0" covered="3"/><counter type="METHOD" missed="0" covered="1"/></method><method name="getResourceType" desc="()Lcom/example/javadb/model/Resource$ResourceType;" line="159"><counter type="INSTRUCTION" missed="0" covered="3"/><counter type="LINE" missed="0" covered="1"/><counter type="COMPLEXITY" missed="0" covered="1"/><counter type="METHOD" missed="0" covered="1"/></method><method name="setResourceType" desc="(Lcom/example/javadb/model/Resource$ResourceType;)V" line="169"><counter type="INSTRUCTION" missed="0" covered="11"/><counter type="BRANCH" missed="0" covered="2"/><counter type="LINE" missed="0" covered="4"/><counter type="COMPLEXITY" missed="0" covered="2"/><counter type="METHOD" missed="0" covered="1"/></method><method name="getLatitude" desc="()D" line="181"><counter type="INSTRUCTION" missed="0" covered="3"/><counter type="LINE" missed="0" covered="1"/><counter type="COMPLEXITY" missed="0" covered="1"/><counter type="METHOD" missed="0" covered="1"/></method><method name="setLatitude" desc="(D)V" line="191"><counter type="INSTRUCTION" missed="0" covered="17"/><counter type="BRANCH" missed="1" covered="3"/><counter type="LINE" missed="0" covered="4"/><counter type="COMPLEXITY" missed="1" covered="2"/><counter type="METHOD" missed="0" covered="1"/></method><method name="getLongitude" desc="()D" line="203"><counter type="INSTRUCTION" missed="0" covered="3"/><counter type="LINE" missed="0" covered="1"/><counter type="COMPLEXITY" missed="0" covered="1"/><counter type="METHOD" missed="0" covered="1"/></method><method name="setLongitude" desc="(D)V" line="213"><counter type="INSTRUCTION" missed="0" covered="17"/><counter type="BRANCH" missed="1" covered="3"/><counter type="LINE" missed="0" covered="4"/><counter type="COMPLEXITY" missed="1" covered="2"/><counter type="METHOD" missed="0" covered="1"/></method><method name="getResourceHours" desc="()Ljava/lang/String;" line="226"><counter type="INSTRUCTION" missed="0" covered="3"/><counter type="LINE" missed="0" covered="1"/><counter type="COMPLEXITY" missed="0" covered="1"/><counter type="METHOD" missed="0" covered="1"/></method><method name="setResourceHours" desc="(Ljava/lang/String;)V" line="236"><counter type="INSTRUCTION" missed="0" covered="22"/><counter type="BRANCH" missed="0" covered="4"/><counter type="LINE" missed="0" covered="7"/><counter type="COMPLEXITY" missed="0" covered="3"/><counter type="METHOD" missed="0" covered="1"/></method><method name="getDescription" desc="()Ljava/lang/String;" line="256"><counter type="INSTRUCTION" missed="0" covered="3"/><counter type="LINE" missed="0" covered="1"/><counter type="COMPLEXITY" missed="0" covered="1"/><counter type="METHOD" missed="0" covered="1"/></method><method name="setDescription" desc="(Ljava/lang/String;)V" line="265"><counter type="INSTRUCTION" missed="0" covered="4"/><counter type="LINE" missed="0" covered="2"/><counter type="COMPLEXITY" missed="0" covered="1"/><counter type="METHOD" missed="0" covered="1"/></method><method name="getCreatedAt" desc="()Ljava/sql/Timestamp;" line="274"><counter type="INSTRUCTION" missed="0" covered="3"/><counter type="LINE" missed="0" covered="1"/><counter type="COMPLEXITY" missed="0" covered="1"/><counter type="METHOD" missed="0" covered="1"/></method><method name="setCreatedAt" desc="(Ljava/sql/Timestamp;)V" line="283"><counter type="INSTRUCTION" missed="0" covered="4"/><counter type="LINE" missed="0" covered="2"/><counter type="COMPLEXITY" missed="0" covered="1"/><counter type="METHOD" missed="0" covered="1"/></method><method name="getUpdatedAt" desc="()Ljava/sql/Timestamp;" line="292"><counter type="INSTRUCTION" missed="0" covered="3"/><counter type="LINE" missed="0" covered="1"/><counter type="COMPLEXITY" missed="0" covered="1"/><counter type="METHOD" missed="0" covered="1"/></method><method name="setUpdatedAt" desc="(Ljava/sql/Timestamp;)V" line="301"><counter type="INSTRUCTION" missed="0" covered="4"/><counter type="LINE" missed="0" covered="2"/><counter type="COMPLEXITY" missed="0" covered="1"/><counter type="METHOD" missed="0" covered="1"/></method><method name="toString" desc="()Ljava/lang/String;" line="306"><counter type="INSTRUCTION" missed="0" covered="20"/><counter type="LINE" missed="0" covered="1"/><counter type="COMPLEXITY" missed="0" covered="1"/><counter type="METHOD" missed="0" covered="1"/></method><counter type="INSTRUCTION" missed="0" covered="171"/><counter type="BRANCH" missed="2" covered="16"/><counter type="LINE" missed="0" covered="51"/><counter type="COMPLEXITY" missed="2" covered="27"/><counter type="METHOD" missed="0" covered="20"/><counter type="CLASS" missed="0" covered="1"/></class><class name="com/example/javadb/model/CommunityGroup$CommunityType" sourcefilename="CommunityGroup.java"><method name="&lt;clinit&gt;" desc="()V" line="83"><counter type="INSTRUCTION" missed="0" covered="21"/><counter type="LINE" missed="0" covered="4"/><counter type="COMPLEXITY" missed="0" covered="1"/><counter type="METHOD" missed="0" covered="1"/></method><counter type="INSTRUCTION" missed="0" covered="21"/><counter type="LINE" missed="0" covered="4"/><counter type="COMPLEXITY" missed="0" covered="1"/><counter type="METHOD" missed="0" covered="1"/><counter type="CLASS" missed="0" covered="1"/></class><class name="com/example/javadb/model/UserCommunity" sourcefilename="UserCommunity.java"><method name="&lt;init&gt;" desc="()V" line="39"><counter type="INSTRUCTION" missed="0" covered="3"/><counter type="LINE" missed="0" covered="2"/><counter type="COMPLEXITY" missed="0" covered="1"/><counter type="METHOD" missed="0" covered="1"/></method><method name="&lt;init&gt;" desc="(Lcom/example/javadb/model/User;Lcom/example/javadb/model/CommunityGroup;)V" line="50"><counter type="INSTRUCTION" missed="0" covered="9"/><counter type="LINE" missed="0" covered="4"/><counter type="COMPLEXITY" missed="0" covered="1"/><counter type="METHOD" missed="0" covered="1"/></method><method name="getUser" desc="()Lcom/example/javadb/model/User;" line="61"><counter type="INSTRUCTION" missed="0" covered="3"/><counter type="LINE" missed="0" covered="1"/><counter type="COMPLEXITY" missed="0" covered="1"/><counter type="METHOD" missed="0" covered="1"/></method><method name="setUser" desc="(Lcom/example/javadb/model/User;)V" line="70"><counter type="INSTRUCTION" missed="0" covered="4"/><counter type="LINE" missed="0" covered="2"/><counter type="COMPLEXITY" missed="0" covered="1"/><counter type="METHOD" missed="0" covered="1"/></method><method name="getCommunity" desc="()Lcom/example/javadb/model/CommunityGroup;" line="79"><counter type="INSTRUCTION" missed="0" covered="3"/><counter type="LINE" missed="0" covered="1"/><counter type="COMPLEXITY" missed="0" covered="1"/><counter type="METHOD" missed="0" covered="1"/></method><method name="setCommunity" desc="(Lcom/example/javadb/model/CommunityGroup;)V" line="88"><counter type="INSTRUCTION" missed="0" covered="4"/><counter type="LINE" missed="0" covered="2"/><counter type="COMPLEXITY" missed="0" covered="1"/><counter type="METHOD" missed="0" covered="1"/></method><counter type="INSTRUCTION" missed="0" covered="26"/><counter type="LINE" missed="0" covered="12"/><counter type="COMPLEXITY" missed="0" covered="6"/><counter type="METHOD" missed="0" covered="6"/><counter type="CLASS" missed="0" covered="1"/></class><class name="com/example/javadb/model/User" sourcefilename="User.java"><method name="&lt;init&gt;" desc="()V" line="94"><counter type="INSTRUCTION" missed="0" covered="3"/><counter type="LINE" missed="0" covered="2"/><counter type="COMPLEXITY" missed="0" covered="1"/><counter type="METHOD" missed="0" covered="1"/></method><method name="&lt;init&gt;" desc="(Ljava/lang/String;Ljava/lang/String;ILcom/example/javadb/model/User$Sex;DDLjava/sql/Timestamp;Ljava/sql/Timestamp;)V" line="113"><counter type="INSTRUCTION" missed="0" covered="27"/><counter type="LINE" missed="0" covered="10"/><counter type="COMPLEXITY" missed="0" covered="1"/><counter type="METHOD" missed="0" covered="1"/></method><method name="getUserId" desc="()I" line="130"><counter type="INSTRUCTION" missed="0" covered="3"/><counter type="LINE" missed="0" covered="1"/><counter type="COMPLEXITY" missed="0" covered="1"/><counter type="METHOD" missed="0" covered="1"/></method><method name="getName" desc="()Ljava/lang/String;" line="139"><counter type="INSTRUCTION" missed="0" covered="3"/><counter type="LINE" missed="0" covered="1"/><counter type="COMPLEXITY" missed="0" covered="1"/><counter type="METHOD" missed="0" covered="1"/></method><method name="setName" desc="(Ljava/lang/String;)V" line="149"><counter type="INSTRUCTION" missed="0" covered="15"/><counter type="BRANCH" missed="0" covered="4"/><counter type="LINE" missed="0" covered="4"/><counter type="COMPLEXITY" missed="0" covered="3"/><counter type="METHOD" missed="0" covered="1"/></method><method name="getEmail" desc="()Ljava/lang/String;" line="161"><counter type="INSTRUCTION" missed="0" covered="3"/><counter type="LINE" missed="0" covered="1"/><counter type="COMPLEXITY" missed="0" covered="1"/><counter type="METHOD" missed="0" covered="1"/></method><method name="setEmail" desc="(Ljava/lang/String;)V" line="171"><counter type="INSTRUCTION" missed="0" covered="15"/><counter type="BRANCH" missed="0" covered="4"/><counter type="LINE" missed="0" covered="4"/><counter type="COMPLEXITY" missed="0" covered="3"/><counter type="METHOD" missed="0" covered="1"/></method><method name="getAge" desc="()I" line="183"><counter type="INSTRUCTION" missed="0" covered="3"/><counter type="LINE" missed="0" covered="1"/><counter type="COMPLEXITY" missed="0" covered="1"/><counter type="METHOD" missed="0" covered="1"/></method><method name="setAge" desc="(I)V" line="193"><counter type="INSTRUCTION" missed="0" covered="11"/><counter type="BRANCH" missed="0" covered="2"/><counter type="LINE" missed="0" covered="4"/><counter type="COMPLEXITY" missed="0" covered="2"/><counter type="METHOD" missed="0" covered="1"/></method><method name="getSex" desc="()Lcom/example/javadb/model/User$Sex;" line="205"><counter type="INSTRUCTION" missed="0" covered="3"/><counter type="LINE" missed="0" covered="1"/><counter type="COMPLEXITY" missed="0" covered="1"/><counter type="METHOD" missed="0" covered="1"/></method><method name="setSex" desc="(Lcom/example/javadb/model/User$Sex;)V" line="215"><counter type="INSTRUCTION" missed="0" covered="11"/><counter type="BRANCH" missed="0" covered="2"/><counter type="LINE" missed="0" covered="4"/><counter type="COMPLEXITY" missed="0" covered="2"/><counter type="METHOD" missed="0" covered="1"/></method><method name="getLatitude" desc="()D" line="227"><counter type="INSTRUCTION" missed="0" covered="3"/><counter type="LINE" missed="0" covered="1"/><counter type="COMPLEXITY" missed="0" covered="1"/><counter type="METHOD" missed="0" covered="1"/></method><method name="setLatitude" desc="(D)V" line="236"><counter type="INSTRUCTION" missed="0" covered="17"/><counter type="BRANCH" missed="0" covered="4"/><counter type="LINE" missed="0" covered="4"/><counter type="COMPLEXITY" missed="0" covered="3"/><counter type="METHOD" missed="0" covered="1"/></method><method name="getLongitude" desc="()D" line="248"><counter type="INSTRUCTION" missed="0" covered="3"/><counter type="LINE" missed="0" covered="1"/><counter type="COMPLEXITY" missed="0" covered="1"/><counter type="METHOD" missed="0" covered="1"/></method><method name="setLongitude" desc="(D)V" line="257"><counter type="INSTRUCTION" missed="0" covered="17"/><counter type="BRANCH" missed="0" covered="4"/><counter type="LINE" missed="0" covered="4"/><counter type="COMPLEXITY" missed="0" covered="3"/><counter type="METHOD" missed="0" covered="1"/></method><method name="getCreatedAt" desc="()Ljava/sql/Timestamp;" line="270"><counter type="INSTRUCTION" missed="0" covered="3"/><counter type="LINE" missed="0" covered="1"/><counter type="COMPLEXITY" missed="0" covered="1"/><counter type="METHOD" missed="0" covered="1"/></method><method name="setCreatedAt" desc="(Ljava/sql/Timestamp;)V" line="279"><counter type="INSTRUCTION" missed="0" covered="4"/><counter type="LINE" missed="0" covered="2"/><counter type="COMPLEXITY" missed="0" covered="1"/><counter type="METHOD" missed="0" covered="1"/></method><method name="getUpdatedAt" desc="()Ljava/sql/Timestamp;" line="288"><counter type="INSTRUCTION" missed="0" covered="3"/><counter type="LINE" missed="0" covered="1"/><counter type="COMPLEXITY" missed="0" covered="1"/><counter type="METHOD" missed="0" covered="1"/></method><method name="setUpdatedAt" desc="(Ljava/sql/Timestamp;)V" line="297"><counter type="INSTRUCTION" missed="0" covered="4"/><counter type="LINE" missed="0" covered="2"/><counter type="COMPLEXITY" missed="0" covered="1"/><counter type="METHOD" missed="0" covered="1"/></method><method name="getCommunityMembership" desc="()Ljava/util/List;" line="306"><counter type="INSTRUCTION" missed="0" covered="3"/><counter type="LINE" missed="0" covered="1"/><counter type="COMPLEXITY" missed="0" covered="1"/><counter type="METHOD" missed="0" covered="1"/></method><method name="setCommunityMembership" desc="(Ljava/util/List;)V" line="316"><counter type="INSTRUCTION" missed="0" covered="4"/><counter type="LINE" missed="0" covered="2"/><counter type="COMPLEXITY" missed="0" covered="1"/><counter type="METHOD" missed="0" covered="1"/></method><method name="getNumberOfCommunities" desc="()I" line="325"><counter type="INSTRUCTION" missed="0" covered="9"/><counter type="BRANCH" missed="0" covered="2"/><counter type="LINE" missed="0" covered="1"/><counter type="COMPLEXITY" missed="0" covered="2"/><counter type="METHOD" missed="0" covered="1"/></method><method name="toString" desc="()Ljava/lang/String;" line="335"><counter type="INSTRUCTION" missed="0" covered="22"/><counter type="LINE" missed="0" covered="1"/><counter type="COMPLEXITY" missed="0" covered="1"/><counter type="METHOD" missed="0" covered="1"/></method><counter type="INSTRUCTION" missed="0" covered="189"/><counter type="BRANCH" missed="0" covered="22"/><counter type="LINE" missed="0" covered="54"/><counter type="COMPLEXITY" missed="0" covered="34"/><counter type="METHOD" missed="0" covered="23"/><counter type="CLASS" missed="0" covered="1"/></class><class name="com/example/javadb/model/CommunityGroup" sourcefilename="CommunityGroup.java"><method name="&lt;init&gt;" desc="()V" line="95"><counter type="INSTRUCTION" missed="0" covered="3"/><counter type="LINE" missed="0" covered="2"/><counter type="COMPLEXITY" missed="0" covered="1"/><counter type="METHOD" missed="0" covered="1"/></method><method name="&lt;init&gt;" desc="(Ljava/lang/String;Lcom/example/javadb/model/CommunityGroup$CommunityType;DDILjava/lang/String;Ljava/sql/Timestamp;Ljava/sql/Timestamp;)V" line="117"><counter type="INSTRUCTION" missed="0" covered="27"/><counter type="LINE" missed="0" covered="10"/><counter type="COMPLEXITY" missed="0" covered="1"/><counter type="METHOD" missed="0" covered="1"/></method><method name="getCommunityId" desc="()I" line="134"><counter type="INSTRUCTION" missed="0" covered="3"/><counter type="LINE" missed="0" covered="1"/><counter type="COMPLEXITY" missed="0" covered="1"/><counter type="METHOD" missed="0" covered="1"/></method><method name="getCommunityName" desc="()Ljava/lang/String;" line="143"><counter type="INSTRUCTION" missed="0" covered="3"/><counter type="LINE" missed="0" covered="1"/><counter type="COMPLEXITY" missed="0" covered="1"/><counter type="METHOD" missed="0" covered="1"/></method><method name="setCommunityName" desc="(Ljava/lang/String;)V" line="153"><counter type="INSTRUCTION" missed="0" covered="15"/><counter type="BRANCH" missed="0" covered="4"/><counter type="LINE" missed="0" covered="4"/><counter type="COMPLEXITY" missed="0" covered="3"/><counter type="METHOD" missed="0" covered="1"/></method><method name="getCommunityType" desc="()Lcom/example/javadb/model/CommunityGroup$CommunityType;" line="166"><counter type="INSTRUCTION" missed="0" covered="3"/><counter type="LINE" missed="0" covered="1"/><counter type="COMPLEXITY" missed="0" covered="1"/><counter type="METHOD" missed="0" covered="1"/></method><method name="setCommunityType" desc="(Lcom/example/javadb/model/CommunityGroup$CommunityType;)V" line="176"><counter type="INSTRUCTION" missed="0" covered="11"/><counter type="BRANCH" missed="0" covered="2"/><counter type="LINE" missed="0" covered="4"/><counter type="COMPLEXITY" missed="0" covered="2"/><counter type="METHOD" missed="0" covered="1"/></method><method name="getUserCommunities" desc="()Ljava/util/List;" line="188"><counter type="INSTRUCTION" missed="0" covered="3"/><counter type="LINE" missed="0" covered="1"/><counter type="COMPLEXITY" missed="0" covered="1"/><counter type="METHOD" missed="0" covered="1"/></method><method name="setUserCommunities" desc="(Ljava/util/List;)V" line="197"><counter type="INSTRUCTION" missed="0" covered="4"/><counter type="LINE" missed="0" covered="2"/><counter type="COMPLEXITY" missed="0" covered="1"/><counter type="METHOD" missed="0" covered="1"/></method><method name="getLatitude" desc="()D" line="206"><counter type="INSTRUCTION" missed="0" covered="3"/><counter type="LINE" missed="0" covered="1"/><counter type="COMPLEXITY" missed="0" covered="1"/><counter type="METHOD" missed="0" covered="1"/></method><method name="setLatitude" desc="(D)V" line="216"><counter type="INSTRUCTION" missed="0" covered="17"/><counter type="BRANCH" missed="0" covered="4"/><counter type="LINE" missed="0" covered="4"/><counter type="COMPLEXITY" missed="0" covered="3"/><counter type="METHOD" missed="0" covered="1"/></method><method name="getLongitude" desc="()D" line="229"><counter type="INSTRUCTION" missed="0" covered="3"/><counter type="LINE" missed="0" covered="1"/><counter type="COMPLEXITY" missed="0" covered="1"/><counter type="METHOD" missed="0" covered="1"/></method><method name="setLongitude" desc="(D)V" line="239"><counter type="INSTRUCTION" missed="0" covered="17"/><counter type="BRANCH" missed="0" covered="4"/><counter type="LINE" missed="0" covered="4"/><counter type="COMPLEXITY" missed="0" covered="3"/><counter type="METHOD" missed="0" covered="1"/></method><method name="getCapacity" desc="()I" line="252"><counter type="INSTRUCTION" missed="0" covered="3"/><counter type="LINE" missed="0" covered="1"/><counter type="COMPLEXITY" missed="0" covered="1"/><counter type="METHOD" missed="0" covered="1"/></method><method name="setCapacity" desc="(I)V" line="262"><counter type="INSTRUCTION" missed="0" covered="11"/><counter type="BRANCH" missed="0" covered="2"/><counter type="LINE" missed="0" covered="4"/><counter type="COMPLEXITY" missed="0" covered="2"/><counter type="METHOD" missed="0" covered="1"/></method><method name="getDescription" desc="()Ljava/lang/String;" line="275"><counter type="INSTRUCTION" missed="0" covered="3"/><counter type="LINE" missed="0" covered="1"/><counter type="COMPLEXITY" missed="0" covered="1"/><counter type="METHOD" missed="0" covered="1"/></method><method name="setDescription" desc="(Ljava/lang/String;)V" line="284"><counter type="INSTRUCTION" missed="0" covered="4"/><counter type="LINE" missed="0" covered="2"/><counter type="COMPLEXITY" missed="0" covered="1"/><counter type="METHOD" missed="0" covered="1"/></method><method name="getCreatedAt" desc="()Ljava/sql/Timestamp;" line="293"><counter type="INSTRUCTION" missed="0" covered="3"/><counter type="LINE" missed="0" covered="1"/><counter type="COMPLEXITY" missed="0" covered="1"/><counter type="METHOD" missed="0" covered="1"/></method><method name="setCreatedAt" desc="(Ljava/sql/Timestamp;)V" line="302"><counter type="INSTRUCTION" missed="0" covered="4"/><counter type="LINE" missed="0" covered="2"/><counter type="COMPLEXITY" missed="0" covered="1"/><counter type="METHOD" missed="0" covered="1"/></method><method name="getUpdatedAt" desc="()Ljava/sql/Timestamp;" line="311"><counter type="INSTRUCTION" missed="0" covered="3"/><counter type="LINE" missed="0" covered="1"/><counter type="COMPLEXITY" missed="0" covered="1"/><counter type="METHOD" missed="0" covered="1"/></method><method name="setUpdatedAt" desc="(Ljava/sql/Timestamp;)V" line="320"><counter type="INSTRUCTION" missed="0" covered="4"/><counter type="LINE" missed="0" covered="2"/><counter type="COMPLEXITY" missed="0" covered="1"/><counter type="METHOD" missed="0" covered="1"/></method><method name="getNumberOfUsers" desc="()I" line="329"><counter type="INSTRUCTION" missed="0" covered="9"/><counter type="BRANCH" missed="0" covered="2"/><counter type="LINE" missed="0" covered="1"/><counter type="COMPLEXITY" missed="0" covered="2"/><counter type="METHOD" missed="0" covered="1"/></method><method name="toString" desc="()Ljava/lang/String;" line="339"><counter type="INSTRUCTION" missed="0" covered="22"/><counter type="LINE" missed="0" covered="1"/><counter type="COMPLEXITY" missed="0" covered="1"/><counter type="METHOD" missed="0" covered="1"/></method><counter type="INSTRUCTION" missed="0" covered="178"/><counter type="BRANCH" missed="0" covered="18"/><counter type="LINE" missed="0" covered="52"/><counter type="COMPLEXITY" missed="0" covered="32"/><counter type="METHOD" missed="0" covered="23"/><counter type="CLASS" missed="0" covered="1"/></class><class name="com/example/javadb/model/UserCommunityId" sourcefilename="UserCommunityId.java"><method name="&lt;init&gt;" desc="()V" line="18"><counter type="INSTRUCTION" missed="0" covered="3"/><counter type="LINE" missed="0" covered="2"/><counter type="COMPLEXITY" missed="0" covered="1"/><counter type="METHOD" missed="0" covered="1"/></method><method name="&lt;init&gt;" desc="(Ljava/lang/Integer;Ljava/lang/Integer;)V" line="28"><counter type="INSTRUCTION" missed="9" covered="0"/><counter type="LINE" missed="4" covered="0"/><counter type="COMPLEXITY" missed="1" covered="0"/><counter type="METHOD" missed="1" covered="0"/></method><method name="equals" desc="(Ljava/lang/Object;)Z" line="42"><counter type="INSTRUCTION" missed="29" covered="0"/><counter type="BRANCH" missed="8" covered="0"/><counter type="LINE" missed="7" covered="0"/><counter type="COMPLEXITY" missed="5" covered="0"/><counter type="METHOD" missed="1" covered="0"/></method><method name="hashCode" desc="()I" line="60"><counter type="INSTRUCTION" missed="14" covered="0"/><counter type="LINE" missed="1" covered="0"/><counter type="COMPLEXITY" missed="1" covered="0"/><counter type="METHOD" missed="1" covered="0"/></method><counter type="INSTRUCTION" missed="52" covered="3"/><counter type="BRANCH" missed="8" covered="0"/><counter type="LINE" missed="12" covered="2"/><counter type="COMPLEXITY" missed="7" covered="1"/><counter type="METHOD" missed="3" covered="1"/><counter type="CLASS" missed="0" covered="1"/></class><class name="com/example/javadb/model/Resource$ResourceType" sourcefilename="Resource.java"><method name="&lt;clinit&gt;" desc="()V" line="76"><counter type="INSTRUCTION" missed="0" covered="33"/><counter type="LINE" missed="0" covered="6"/><counter type="COMPLEXITY" missed="0" covered="1"/><counter type="METHOD" missed="0" covered="1"/></method><counter type="INSTRUCTION" missed="0" covered="33"/><counter type="LINE" missed="0" covered="6"/><counter type="COMPLEXITY" missed="0" covered="1"/><counter type="METHOD" missed="0" covered="1"/><counter type="CLASS" missed="0" covered="1"/></class><class name="com/example/javadb/model/User$Sex" sourcefilename="User.java"><method name="&lt;clinit&gt;" desc="()V" line="82"><counter type="INSTRUCTION" missed="0" covered="21"/><counter type="LINE" missed="0" covered="4"/><counter type="COMPLEXITY" missed="0" covered="1"/><counter type="METHOD" missed="0" covered="1"/></method><counter type="INSTRUCTION" missed="0" covered="21"/><counter type="LINE" missed="0" covered="4"/><counter type="COMPLEXITY" missed="0" covered="1"/><counter type="METHOD" missed="0" covered="1"/><counter type="CLASS" missed="0" covered="1"/></class><sourcefile name="UserCommunityId.java"><line nr="18" mi="0" ci="2" mb="0" cb="0"/><line nr="20" mi="0" ci="1" mb="0" cb="0"/><line nr="28" mi="2" ci="0" mb="0" cb="0"/><line nr="29" mi="3" ci="0" mb="0" cb="0"/><line nr="30" mi="3" ci="0" mb="0" cb="0"/><line nr="31" mi="1" ci="0" mb="0" cb="0"/><line nr="42" mi="3" ci="0" mb="2" cb="0"/><line nr="43" mi="2" ci="0" mb="0" cb="0"/><line nr="45" mi="3" ci="0" mb="2" cb="0"/><line nr="46" mi="2" ci="0" mb="0" cb="0"/><line nr="48" mi="3" ci="0" mb="0" cb="0"/><line nr="49" mi="11" ci="0" mb="2" cb="0"/><line nr="50" mi="5" ci="0" mb="2" cb="0"/><line nr="60" mi="14" ci="0" mb="0" cb="0"/><counter type="INSTRUCTION" missed="52" covered="3"/><counter type="BRANCH" missed="8" covered="0"/><counter type="LINE" missed="12" covered="2"/><counter type="COMPLEXITY" missed="7" covered="1"/><counter type="METHOD" missed="3" covered="1"/><counter type="CLASS" missed="0" covered="1"/></sourcefile><sourcefile name="CommunityGroup.java"><line nr="83" mi="0" ci="3" mb="0" cb="0"/><line nr="85" mi="0" ci="6" mb="0" cb="0"/><line nr="87" mi="0" ci="6" mb="0" cb="0"/><line nr="89" mi="0" ci="6" mb="0" cb="0"/><line nr="95" mi="0" ci="2" mb="0" cb="0"/><line nr="97" mi="0" ci="1" mb="0" cb="0"/><line nr="117" mi="0" ci="2" mb="0" cb="0"/><line nr="118" mi="0" ci="3" mb="0" cb="0"/><line nr="119" mi="0" ci="3" mb="0" cb="0"/><line nr="120" mi="0" ci="3" mb="0" cb="0"/><line nr="121" mi="0" ci="3" mb="0" cb="0"/><line nr="122" mi="0" ci="3" mb="0" cb="0"/><line nr="123" mi="0" ci="3" mb="0" cb="0"/><line nr="124" mi="0" ci="3" mb="0" cb="0"/><line nr="125" mi="0" ci="3" mb="0" cb="0"/><line nr="126" mi="0" ci="1" mb="0" cb="0"/><line nr="134" mi="0" ci="3" mb="0" cb="0"/><line nr="143" mi="0" ci="3" mb="0" cb="0"/><line nr="153" mi="0" ci="6" mb="0" cb="4"/><line nr="154" mi="0" ci="5" mb="0" cb="0"/><line nr="157" mi="0" ci="3" mb="0" cb="0"/><line nr="158" mi="0" ci="1" mb="0" cb="0"/><line nr="166" mi="0" ci="3" mb="0" cb="0"/><line nr="176" mi="0" ci="2" mb="0" cb="2"/><line nr="177" mi="0" ci="5" mb="0" cb="0"/><line nr="179" mi="0" ci="3" mb="0" cb="0"/><line nr="180" mi="0" ci="1" mb="0" cb="0"/><line nr="188" mi="0" ci="3" mb="0" cb="0"/><line nr="197" mi="0" ci="3" mb="0" cb="0"/><line nr="198" mi="0" ci="1" mb="0" cb="0"/><line nr="206" mi="0" ci="3" mb="0" cb="0"/><line nr="216" mi="0" ci="8" mb="0" cb="4"/><line nr="217" mi="0" ci="5" mb="0" cb="0"/><line nr="220" mi="0" ci="3" mb="0" cb="0"/><line nr="221" mi="0" ci="1" mb="0" cb="0"/><line nr="229" mi="0" ci="3" mb="0" cb="0"/><line nr="239" mi="0" ci="8" mb="0" cb="4"/><line nr="240" mi="0" ci="5" mb="0" cb="0"/><line nr="243" mi="0" ci="3" mb="0" cb="0"/><line nr="244" mi="0" ci="1" mb="0" cb="0"/><line nr="252" mi="0" ci="3" mb="0" cb="0"/><line nr="262" mi="0" ci="2" mb="0" cb="2"/><line nr="263" mi="0" ci="5" mb="0" cb="0"/><line nr="266" mi="0" ci="3" mb="0" cb="0"/><line nr="267" mi="0" ci="1" mb="0" cb="0"/><line nr="275" mi="0" ci="3" mb="0" cb="0"/><line nr="284" mi="0" ci="3" mb="0" cb="0"/><line nr="285" mi="0" ci="1" mb="0" cb="0"/><line nr="293" mi="0" ci="3" mb="0" cb="0"/><line nr="302" mi="0" ci="3" mb="0" cb="0"/><line nr="303" mi="0" ci="1" mb="0" cb="0"/><line nr="311" mi="0" ci="3" mb="0" cb="0"/><line nr="320" mi="0" ci="3" mb="0" cb="0"/><line nr="321" mi="0" ci="1" mb="0" cb="0"/><line nr="329" mi="0" ci="9" mb="0" cb="2"/><line nr="339" mi="0" ci="22" mb="0" cb="0"/><counter type="INSTRUCTION" missed="0" covered="199"/><counter type="BRANCH" missed="0" covered="18"/><counter type="LINE" missed="0" covered="56"/><counter type="COMPLEXITY" missed="0" covered="33"/><counter type="METHOD" missed="0" covered="24"/><counter type="CLASS" missed="0" covered="2"/></sourcefile><sourcefile name="User.java"><line nr="82" mi="0" ci="3" mb="0" cb="0"/><line nr="84" mi="0" ci="6" mb="0" cb="0"/><line nr="86" mi="0" ci="6" mb="0" cb="0"/><line nr="88" mi="0" ci="6" mb="0" cb="0"/><line nr="94" mi="0" ci="2" mb="0" cb="0"/><line nr="96" mi="0" ci="1" mb="0" cb="0"/><line nr="113" mi="0" ci="2" mb="0" cb="0"/><line nr="114" mi="0" ci="3" mb="0" cb="0"/><line nr="115" mi="0" ci="3" mb="0" cb="0"/><line nr="116" mi="0" ci="3" mb="0" cb="0"/><line nr="117" mi="0" ci="3" mb="0" cb="0"/><line nr="118" mi="0" ci="3" mb="0" cb="0"/><line nr="119" mi="0" ci="3" mb="0" cb="0"/><line nr="120" mi="0" ci="3" mb="0" cb="0"/><line nr="121" mi="0" ci="3" mb="0" cb="0"/><line nr="122" mi="0" ci="1" mb="0" cb="0"/><line nr="130" mi="0" ci="3" mb="0" cb="0"/><line nr="139" mi="0" ci="3" mb="0" cb="0"/><line nr="149" mi="0" ci="6" mb="0" cb="4"/><line nr="150" mi="0" ci="5" mb="0" cb="0"/><line nr="152" mi="0" ci="3" mb="0" cb="0"/><line nr="153" mi="0" ci="1" mb="0" cb="0"/><line nr="161" mi="0" ci="3" mb="0" cb="0"/><line nr="171" mi="0" ci="6" mb="0" cb="4"/><line nr="172" mi="0" ci="5" mb="0" cb="0"/><line nr="174" mi="0" ci="3" mb="0" cb="0"/><line nr="175" mi="0" ci="1" mb="0" cb="0"/><line nr="183" mi="0" ci="3" mb="0" cb="0"/><line nr="193" mi="0" ci="2" mb="0" cb="2"/><line nr="194" mi="0" ci="5" mb="0" cb="0"/><line nr="196" mi="0" ci="3" mb="0" cb="0"/><line nr="197" mi="0" ci="1" mb="0" cb="0"/><line nr="205" mi="0" ci="3" mb="0" cb="0"/><line nr="215" mi="0" ci="2" mb="0" cb="2"/><line nr="216" mi="0" ci="5" mb="0" cb="0"/><line nr="218" mi="0" ci="3" mb="0" cb="0"/><line nr="219" mi="0" ci="1" mb="0" cb="0"/><line nr="227" mi="0" ci="3" mb="0" cb="0"/><line nr="236" mi="0" ci="8" mb="0" cb="4"/><line nr="237" mi="0" ci="5" mb="0" cb="0"/><line nr="239" mi="0" ci="3" mb="0" cb="0"/><line nr="240" mi="0" ci="1" mb="0" cb="0"/><line nr="248" mi="0" ci="3" mb="0" cb="0"/><line nr="257" mi="0" ci="8" mb="0" cb="4"/><line nr="258" mi="0" ci="5" mb="0" cb="0"/><line nr="261" mi="0" ci="3" mb="0" cb="0"/><line nr="262" mi="0" ci="1" mb="0" cb="0"/><line nr="270" mi="0" ci="3" mb="0" cb="0"/><line nr="279" mi="0" ci="3" mb="0" cb="0"/><line nr="280" mi="0" ci="1" mb="0" cb="0"/><line nr="288" mi="0" ci="3" mb="0" cb="0"/><line nr="297" mi="0" ci="3" mb="0" cb="0"/><line nr="298" mi="0" ci="1" mb="0" cb="0"/><line nr="306" mi="0" ci="3" mb="0" cb="0"/><line nr="316" mi="0" ci="3" mb="0" cb="0"/><line nr="317" mi="0" ci="1" mb="0" cb="0"/><line nr="325" mi="0" ci="9" mb="0" cb="2"/><line nr="335" mi="0" ci="22" mb="0" cb="0"/><counter type="INSTRUCTION" missed="0" covered="210"/><counter type="BRANCH" missed="0" covered="22"/><counter type="LINE" missed="0" covered="58"/><counter type="COMPLEXITY" missed="0" covered="35"/><counter type="METHOD" missed="0" covered="24"/><counter type="CLASS" missed="0" covered="2"/></sourcefile><sourcefile name="UserCommunity.java"><line nr="39" mi="0" ci="2" mb="0" cb="0"/><line nr="41" mi="0" ci="1" mb="0" cb="0"/><line nr="50" mi="0" ci="2" mb="0" cb="0"/><line nr="51" mi="0" ci="3" mb="0" cb="0"/><line nr="52" mi="0" ci="3" mb="0" cb="0"/><line nr="53" mi="0" ci="1" mb="0" cb="0"/><line nr="61" mi="0" ci="3" mb="0" cb="0"/><line nr="70" mi="0" ci="3" mb="0" cb="0"/><line nr="71" mi="0" ci="1" mb="0" cb="0"/><line nr="79" mi="0" ci="3" mb="0" cb="0"/><line nr="88" mi="0" ci="3" mb="0" cb="0"/><line nr="89" mi="0" ci="1" mb="0" cb="0"/><counter type="INSTRUCTION" missed="0" covered="26"/><counter type="LINE" missed="0" covered="12"/><counter type="COMPLEXITY" missed="0" covered="6"/><counter type="METHOD" missed="0" covered="6"/><counter type="CLASS" missed="0" covered="1"/></sourcefile><sourcefile name="Resource.java"><line nr="76" mi="0" ci="3" mb="0" cb="0"/><line nr="78" mi="0" ci="6" mb="0" cb="0"/><line nr="80" mi="0" ci="6" mb="0" cb="0"/><line nr="82" mi="0" ci="6" mb="0" cb="0"/><line nr="84" mi="0" ci="6" mb="0" cb="0"/><line nr="86" mi="0" ci="6" mb="0" cb="0"/><line nr="92" mi="0" ci="2" mb="0" cb="0"/><line nr="94" mi="0" ci="1" mb="0" cb="0"/><line nr="110" mi="0" ci="2" mb="0" cb="0"/><line nr="111" mi="0" ci="3" mb="0" cb="0"/><line nr="112" mi="0" ci="3" mb="0" cb="0"/><line nr="113" mi="0" ci="3" mb="0" cb="0"/><line nr="114" mi="0" ci="3" mb="0" cb="0"/><line nr="115" mi="0" ci="3" mb="0" cb="0"/><line nr="116" mi="0" ci="3" mb="0" cb="0"/><line nr="117" mi="0" ci="3" mb="0" cb="0"/><line nr="118" mi="0" ci="3" mb="0" cb="0"/><line nr="119" mi="0" ci="1" mb="0" cb="0"/><line nr="127" mi="0" ci="3" mb="0" cb="0"/><line nr="136" mi="0" ci="3" mb="0" cb="0"/><line nr="146" mi="0" ci="6" mb="0" cb="4"/><line nr="147" mi="0" ci="5" mb="0" cb="0"/><line nr="150" mi="0" ci="3" mb="0" cb="0"/><line nr="151" mi="0" ci="1" mb="0" cb="0"/><line nr="159" mi="0" ci="3" mb="0" cb="0"/><line nr="169" mi="0" ci="2" mb="0" cb="2"/><line nr="170" mi="0" ci="5" mb="0" cb="0"/><line nr="172" mi="0" ci="3" mb="0" cb="0"/><line nr="173" mi="0" ci="1" mb="0" cb="0"/><line nr="181" mi="0" ci="3" mb="0" cb="0"/><line nr="191" mi="0" ci="8" mb="1" cb="3"/><line nr="192" mi="0" ci="5" mb="0" cb="0"/><line nr="194" mi="0" ci="3" mb="0" cb="0"/><line nr="195" mi="0" ci="1" mb="0" cb="0"/><line nr="203" mi="0" ci="3" mb="0" cb="0"/><line nr="213" mi="0" ci="8" mb="1" cb="3"/><line nr="214" mi="0" ci="5" mb="0" cb="0"/><line nr="217" mi="0" ci="3" mb="0" cb="0"/><line nr="218" mi="0" ci="1" mb="0" cb="0"/><line nr="226" mi="0" ci="3" mb="0" cb="0"/><line nr="236" mi="0" ci="2" mb="0" cb="2"/><line nr="237" mi="0" ci="5" mb="0" cb="0"/><line nr="240" mi="0" ci="2" mb="0" cb="0"/><line nr="241" mi="0" ci="4" mb="0" cb="2"/><line nr="242" mi="0" ci="5" mb="0" cb="0"/><line nr="247" mi="0" ci="3" mb="0" cb="0"/><line nr="248" mi="0" ci="1" mb="0" cb="0"/><line nr="256" mi="0" ci="3" mb="0" cb="0"/><line nr="265" mi="0" ci="3" mb="0" cb="0"/><line nr="266" mi="0" ci="1" mb="0" cb="0"/><line nr="274" mi="0" ci="3" mb="0" cb="0"/><line nr="283" mi="0" ci="3" mb="0" cb="0"/><line nr="284" mi="0" ci="1" mb="0" cb="0"/><line nr="292" mi="0" ci="3" mb="0" cb="0"/><line nr="301" mi="0" ci="3" mb="0" cb="0"/><line nr="302" mi="0" ci="1" mb="0" cb="0"/><line nr="306" mi="0" ci="20" mb="0" cb="0"/><counter type="INSTRUCTION" missed="0" covered="204"/><counter type="BRANCH" missed="2" covered="16"/><counter type="LINE" missed="0" covered="57"/><counter type="COMPLEXITY" missed="2" covered="28"/><counter type="METHOD" missed="0" covered="21"/><counter type="CLASS" missed="0" covered="2"/></sourcefile><counter type="INSTRUCTION" missed="52" covered="642"/><counter type="BRANCH" missed="10" covered="56"/><counter type="LINE" missed="12" covered="185"/><counter type="COMPLEXITY" missed="9" covered="103"/><counter type="METHOD" missed="3" covered="76"/><counter type="CLASS" missed="0" covered="8"/></package><package name="com/example/javadb"><class name="com/example/javadb/JavadbApplication" sourcefilename="JavadbApplication.java"><method name="&lt;init&gt;" desc="()V" line="13"><counter type="INSTRUCTION" missed="0" covered="3"/><counter type="LINE" missed="0" covered="1"/><counter type="COMPLEXITY" missed="0" covered="1"/><counter type="METHOD" missed="0" covered="1"/></method><method name="main" desc="([Ljava/lang/String;)V" line="20"><counter type="INSTRUCTION" missed="5" covered="0"/><counter type="LINE" missed="2" covered="0"/><counter type="COMPLEXITY" missed="1" covered="0"/><counter type="METHOD" missed="1" covered="0"/></method><counter type="INSTRUCTION" missed="5" covered="3"/><counter type="LINE" missed="2" covered="1"/><counter type="COMPLEXITY" missed="1" covered="1"/><counter type="METHOD" missed="1" covered="1"/><counter type="CLASS" missed="0" covered="1"/></class><sourcefile name="JavadbApplication.java"><line nr="13" mi="0" ci="3" mb="0" cb="0"/><line nr="20" mi="4" ci="0" mb="0" cb="0"/><line nr="21" mi="1" ci="0" mb="0" cb="0"/><counter type="INSTRUCTION" missed="5" covered="3"/><counter type="LINE" missed="2" covered="1"/><counter type="COMPLEXITY" missed="1" covered="1"/><counter type="METHOD" missed="1" covered="1"/><counter type="CLASS" missed="0" covered="1"/></sourcefile><counter type="INSTRUCTION" missed="5" covered="3"/><counter type="LINE" missed="2" covered="1"/><counter type="COMPLEXITY" missed="1" covered="1"/><counter type="METHOD" missed="1" covered="1"/><counter type="CLASS" missed="0" covered="1"/></package><counter type="INSTRUCTION" missed="223" covered="1643"/><counter type="BRANCH" missed="16" covered="144"/><counter type="LINE" missed="70" covered="407"/><counter type="COMPLEXITY" missed="18" covered="191"/><counter type="METHOD" missed="6" covered="106"/><counter type="CLASS" missed="0" covered="10"/></report>